[DEBUG | git.util] Failed checking if running in CYGWIN due to: FileNotFoundError(2, 'No such file or directory')
[DEBUG | wemogy.get-release-version-action] Process semantic-release -vv --config /Users/wemogymac/projects-wemogy/get-release-version-action/semantic-release.config.json version --print --skip-build --no-commit --no-tag --no-changelog --no-push --no-vcs-release exited successful with exit code 0:
[14:00:31] DEBUG    [semantic_release.cli.commands.main] DEBUG main.main: logging level set to: DEBUG                                                                                                                                                                                            main.py:105
           DEBUG    [git.util] DEBUG util.is_cygwin_git: Failed checking if running in CYGWIN due to: FileNotFoundError(2, 'No such file or directory')                                                                                                                                          util.py:469
           DEBUG    [semantic_release.cli.commands.main] DEBUG main.main: global cli options: GlobalCommandLineOptions(noop=False, verbosity=2, config_file='/Users/wemogymac/projects-wemogy/get-release-version-action/semantic-release.config.json', strict=False)                            main.py:123
           INFO     [semantic_release.cli.util] INFO util.load_raw_config_file: Loading configuration from /Users/wemogymac/projects-wemogy/get-release-version-action/semantic-release.config.json                                                                                               util.py:78
           DEBUG    [semantic_release.cli.util] DEBUG util.load_raw_config_file: Trying to parse configuration /Users/wemogymac/projects-wemogy/get-release-version-action/semantic-release.config.json in TOML format                                                                            util.py:81
           DEBUG    [semantic_release.cli.util] DEBUG util.load_raw_config_file: Configuration /Users/wemogymac/projects-wemogy/get-release-version-action/semantic-release.config.json is invalid TOML: Empty key at line 1 col 0                                                                util.py:84
           DEBUG    [semantic_release.cli.util] DEBUG util.load_raw_config_file: trying to parse /Users/wemogymac/projects-wemogy/get-release-version-action/semantic-release.config.json as JSON                                                                                                 util.py:85
           INFO     [semantic_release.cli.config] INFO config.select_branch_options: Using group 'main' options, as '(main|master)' matches 'main'                                                                                                                                             config.py:263
           WARNING  [semantic_release.cli.config] WARNING config.from_raw_config: the token for the remote VCS is configured as stored in the GH_TOKEN environment variable, but it is empty                                                                                                   config.py:382
           DEBUG    [semantic_release.changelog.template] DEBUG template.environment: {'template_dir': 'templates', 'block_start_string': '{%', 'block_end_string': '%}', 'variable_start_string': '{{', 'variable_end_string': '}}', 'comment_start_string': '{#', 'comment_end_string':     template.py:55
                    '#}', 'line_statement_prefix': None, 'line_comment_prefix': None, 'trim_blocks': False, 'lstrip_blocks': False, 'newline_sequence': '\n', 'keep_trailing_newline': False, 'extensions': (), 'autoescape': True, 'autoescape_value': True}                                               
           DEBUG    [semantic_release.version.translator] DEBUG translator._invert_tag_format_to_re: inverted tag_format '{version}' to '(?P<version>.*)'                                                                                                                                   translator.py:40
           DEBUG    [semantic_release.cli.commands.version] DEBUG version.is_forced_prerelease: force_prerelease = False, force_level = None, prerelease = False                                                                                                                               version.py:47
           INFO     [semantic_release.version.algorithm] INFO algorithm.tags_and_versions: found 0 previous tags                                                                                                                                                                             algorithm.py:60
           INFO     [semantic_release.version.algorithm] INFO algorithm.next_version: Found 0 full releases (excluding prereleases)                                                                                                                                                         algorithm.py:274
           DEBUG    [semantic_release.version.version] DEBUG version.parse: attempting to parse string '0.0.0' as Version                                                                                                                                                                     version.py:121
           DEBUG    [semantic_release.version.version] DEBUG version.parse: version string 0.0.0 parsed as a non-prerelease                                                                                                                                                                   version.py:145
           DEBUG    [semantic_release.version.version] DEBUG version.parse: parsed build metadata '' from version string 0.0.0                                                                                                                                                                version.py:148
           INFO     [semantic_release.version.algorithm] INFO algorithm.next_version: No full releases have been made yet, the default version to use is 0.0.0                                                                                                                              algorithm.py:288
           DEBUG    [git.cmd] DEBUG cmd.execute: Popen(['git', 'merge-base', 'main', 'main'], cwd=/Users/wemogymac/projects-wemogy/get-release-version-action/test, stdin=None, shell=False, universal_newlines=False)                                                                           cmd.py:1057
           DEBUG    [git.cmd] DEBUG cmd.execute: Popen(['git', 'cat-file', '--batch-check'], cwd=/Users/wemogymac/projects-wemogy/get-release-version-action/test, stdin=<valid stream>, shell=False, universal_newlines=False)                                                                  cmd.py:1057
           DEBUG    [semantic_release.version.algorithm] DEBUG algorithm.bfs: checking if commit 62db8304958bbbe955d95f13914e8fbf99fd50f1 matches any tags                                                                                                                                  algorithm.py:103
           DEBUG    [semantic_release.version.algorithm] DEBUG algorithm.bfs: commit 62db8304958bbbe955d95f13914e8fbf99fd50f1 doesn't match any tags                                                                                                                                        algorithm.py:115
           DEBUG    [git.cmd] DEBUG cmd.execute: Popen(['git', 'cat-file', '--batch'], cwd=/Users/wemogymac/projects-wemogy/get-release-version-action/test, stdin=<valid stream>, shell=False, universal_newlines=False)                                                                        cmd.py:1057
           DEBUG    [semantic_release.version.algorithm] DEBUG algorithm.bfs: queuing parent commit ba9160df1a2af2c5d2ffe14e68a2a838c3efc848                                                                                                                                                algorithm.py:123
           DEBUG    [semantic_release.version.algorithm] DEBUG algorithm.bfs: checking if commit ba9160df1a2af2c5d2ffe14e68a2a838c3efc848 matches any tags                                                                                                                                  algorithm.py:103
           DEBUG    [semantic_release.version.algorithm] DEBUG algorithm.bfs: commit ba9160df1a2af2c5d2ffe14e68a2a838c3efc848 doesn't match any tags                                                                                                                                        algorithm.py:115
           INFO     [semantic_release.version.algorithm] INFO algorithm._bfs_for_latest_version_in_history: no version tags found in this branch's history                                                                                                                                  algorithm.py:133
           INFO     [semantic_release.version.algorithm] INFO algorithm.next_version: The last full version in this branch's history was None                                                                                                                                               algorithm.py:321
           DEBUG    [git.cmd] DEBUG cmd.execute: Popen(['git', 'rev-list', '62db8304958bbbe955d95f13914e8fbf99fd50f1', '--'], cwd=/Users/wemogymac/projects-wemogy/get-release-version-action/test, stdin=None, shell=False, universal_newlines=False)                                           cmd.py:1057
           DEBUG    [semantic_release.commit_parser.angular] DEBUG angular.parse: commit 62db8304958bbbe955d95f13914e8fbf99fd50f1 introduces a level bump of no_release due to the default_bump_level                                                                                         angular.py:120
           DEBUG    [semantic_release.commit_parser.angular] DEBUG angular.parse: commit 62db8304958bbbe955d95f13914e8fbf99fd50f1 introduces a no_release level_bump                                                                                                                          angular.py:125
           DEBUG    [semantic_release.version.algorithm] DEBUG algorithm.next_version: adding no_release to the levels identified in commits_since_last_full_release                                                                                                                        algorithm.py:347
           DEBUG    [semantic_release.version.algorithm] DEBUG algorithm.next_version: no tags correspond to commit 62db8304958bbbe955d95f13914e8fbf99fd50f1                                                                                                                                algorithm.py:388
           DEBUG    [semantic_release.commit_parser.angular] DEBUG angular._logged_parse_error: Unable to parse commit message: Initial commit                                                                                                                                                 angular.py:25
           DEBUG    [semantic_release.version.algorithm] DEBUG algorithm.next_version: no tags correspond to commit ba9160df1a2af2c5d2ffe14e68a2a838c3efc848                                                                                                                                algorithm.py:388
           DEBUG    [semantic_release.version.algorithm] DEBUG algorithm.next_version: parsed the following distinct levels from the commits since the last release: {<LevelBump.NO_RELEASE: 0>}                                                                                            algorithm.py:393
           INFO     [semantic_release.version.algorithm] INFO algorithm.next_version: The type of the next release release is: no_release                                                                                                                                                   algorithm.py:399
           INFO     [semantic_release.version.algorithm] INFO algorithm.next_version: No release will be made                                                                                                                                                                               algorithm.py:401
0.0.0
           INFO     [semantic_release.version.algorithm] INFO algorithm.tags_and_versions: found 0 previous tags                                                                                                                                                                             algorithm.py:60
           INFO     [semantic_release.cli.github_actions_output] INFO github_actions_output.write_if_possible: not writing GitHub Actions output, as no file specified                                                                                                           github_actions_output.py:70

[DEBUG | wemogy.get-release-version-action] current_version=0.0.0, next_version=0.0.0, has_changes=False
[INFO | wemogy.get-release-version-action] No changes detected, version stays the same.
[INFO | wemogy.get-release-version-action] GITHUB_OUTPUT not in environment, skipping GitHub actions output
[INFO | wemogy.get-release-version-action] GITHUB_OUTPUT not in environment, skipping GitHub actions output
[INFO | wemogy.get-release-version-action] Version is 0.0.0
